[2025-10-03 10:31:11,001] Application starting...
[2025-10-03 10:31:11,029] Starting scan of music library at 'C:\Projects\test\test-lib-01\Music\Artists'
[2025-10-03 10:31:14,803] Scan complete.
[2025-10-03 10:31:14,825] 
====================================
  🎵 Music Library Scan Completed 🎵
====================================
+-------------+---------------------+
| Category    | Value               |
+-------------+---------------------+
| Tracks      |                 277 |
| Albums      |                  17 |
| Artists     |                   2 |
| Duration    |                  3s |
| Speed (s)   |               73.40 |
| Speed (min) |             4403.92 |
| Start Time  | 2025-10-03 10:31:11 |
| End Time    | 2025-10-03 10:31:14 |
+-------------+---------------------+
====================================

[2025-10-03 10:31:14,827] Application finished.
[2025-10-03 10:33:44,909] Application starting...
[2025-10-03 10:33:44,945] Starting scan of music library at 'C:\Projects\test\test-lib-01\Music\Artists'
[2025-10-03 10:33:49,924] Scan complete.
[2025-10-03 10:33:49,957] 
====================================
  🎵 Music Library Scan Completed 🎵
====================================
+-------------+---------------------+
| Statistics  |              Counts |
+-------------+---------------------+
| Artists     |                   2 |
| Albums      |                  17 |
| Tracks      |                 277 |
+-------------+---------------------+
+-------------------+---------------------+
| Speeds / Times                          |
+-------------------+---------------------+
| Duration          |                  4s |
| Start Time        | 2025-10-03 10:33:44 |
| End Time          | 2025-10-03 10:33:49 |
| Tracks per second |               55.63 |
| Tracks per minute |             3337.89 |
+-------------------+---------------------+
====================================

[2025-10-03 10:33:49,957] Application finished.
[2025-10-03 10:35:48,333] Application starting...
[2025-10-03 10:35:48,423] Starting scan of music library at 'C:\Projects\test\test-lib-01\Music\Artists'
[2025-10-03 10:35:53,123] Scan complete.
[2025-10-03 10:35:53,160] 
====================================
  🎵 Music Library Scan Completed 🎵
====================================
+-------------+---------------------+
| Statistics  |              Counts |
+-------------+---------------------+
| Artists     |                   2 |
| Albums      |                  17 |
| Tracks      |                 277 |
+-------------+---------------------+
+-------------------+---------------------+
| Times / Speeds                          |
+-------------------+---------------------+
| Start Time        | 2025-10-03 10:35:48 |
| End Time          | 2025-10-03 10:35:53 |
| Duration          |                  4s |
+-------------------+---------------------+
| Tracks per second |               58.93 |
| Tracks per minute |             3535.96 |
+-------------------+---------------------+
====================================

[2025-10-03 10:35:53,160] Application finished.
